<?xml version="1.0" encoding="UTF-8"?>
<testng-results ignored="0" total="1" passed="1" failed="0" skipped="0">
  <reporter-output>
  </reporter-output>
  <suite started-at="2024-01-08T14:16:24 IST" name="Suite" finished-at="2024-01-08T14:16:38 IST" duration-ms="13940">
    <groups>
    </groups>
    <test started-at="2024-01-08T14:16:24 IST" name="Test" finished-at="2024-01-08T14:16:38 IST" duration-ms="13940">
      <class name="test_cases.AdactinLogin_test">
        <test-method is-config="true" signature="openapplication(java.lang.String,java.lang.String)[pri:0, instance:test_cases.AdactinLogin_test@65fb9ffc]" started-at="2024-01-08T14:16:24 IST" name="openapplication" finished-at="2024-01-08T14:16:36 IST" duration-ms="12047" status="PASS">
          <params>
            <param index="0">
              <value>
                <![CDATA[chrome]]>
              </value>
            </param>
            <param index="1">
              <value>
                <![CDATA[https://adactinhotelapp.com/]]>
              </value>
            </param>
          </params>
          <reporter-output>
          </reporter-output>
        </test-method> <!-- openapplication -->
        <test-method signature="logintest()[pri:0, instance:test_cases.AdactinLogin_test@65fb9ffc]" started-at="2024-01-08T14:16:36 IST" name="logintest" finished-at="2024-01-08T14:16:37 IST" duration-ms="1366" status="PASS">
          <reporter-output>
          </reporter-output>
        </test-method> <!-- logintest -->
        <test-method is-config="true" signature="closeApplication()[pri:0, instance:test_cases.AdactinLogin_test@65fb9ffc]" started-at="2024-01-08T14:16:37 IST" name="closeApplication" finished-at="2024-01-08T14:16:38 IST" duration-ms="434" status="PASS">
          <reporter-output>
          </reporter-output>
        </test-method> <!-- closeApplication -->
      </class> <!-- test_cases.AdactinLogin_test -->
    </test> <!-- Test -->
  </suite> <!-- Suite -->
</testng-results>
